<?xml version="1.0" encoding="UTF-8"?>
<!-- Generated by org.testng.reporters.JUnitReportReporter -->
<testsuite hostname="DESKTOP-JPQ8DUL" failures="0" tests="2" name="Project.ScreenerAssignment" time="18.344" errors="0" timestamp="2024-05-12T16:24:24 IST" skipped="0">
  <testcase classname="Project.ScreenerAssignment" name="verifyDividends" time="11.579"/>
  <system-out>
    <![CDATA[HDFC Bank
St Bk of India
Punjab Natl.Bank
Bank of Baroda
Union Bank (I)
Canara Bank
IDBI Bank
Indian Bank
Bank of India
Bank of Maha
Karur Vysya Bank
Equitas Sma. Fin
Ujjivan Small
Karnataka Bank
T N Merc. Bank
South Ind.Bank]]>
  </system-out>
  <testcase classname="Project.ScreenerAssignment" name="verifyRoceValue" time="6.765"/>
  <system-out/>
</testsuite> <!-- Project.ScreenerAssignment -->
